
=== Curriculum Phase 1 ===

============================================================
Run 1: curriculum_phase1  (2025-05-01 22:59:48)
============================================================
Episode 10/200  |  AvgR -206.08  |  Success 0.0%
Episode 20/200  |  AvgR -259.61  |  Success 0.0%
Episode 30/200  |  AvgR -194.46  |  Success 10.0%
Episode 40/200  |  AvgR -189.50  |  Success 10.0%
Episode 50/200  |  AvgR -141.64  |  Success 10.0%
Episode 60/200  |  AvgR -219.82  |  Success 10.0%
Episode 70/200  |  AvgR -200.25  |  Success 10.0%
Episode 80/200  |  AvgR -176.40  |  Success 10.0%
Episode 90/200  |  AvgR -212.51  |  Success 0.0%
Episode 100/200  |  AvgR -188.80  |  Success 10.0%
Episode 110/200  |  AvgR -204.88  |  Success 10.0%
Episode 120/200  |  AvgR -154.04  |  Success 30.0%
Episode 130/200  |  AvgR -96.84  |  Success 40.0%
Episode 140/200  |  AvgR -255.19  |  Success 0.0%
Episode 150/200  |  AvgR -220.03  |  Success 0.0%
Episode 160/200  |  AvgR -197.46  |  Success 20.0%
Episode 170/200  |  AvgR -150.50  |  Success 10.0%
Episode 180/200  |  AvgR -182.76  |  Success 30.0%
Episode 190/200  |  AvgR -196.52  |  Success 10.0%
Episode 200/200  |  AvgR -260.16  |  Success 0.0%
Final_AvgReward: -195.37272053420543 | Final_SuccessRate(%): 11.0

=== Curriculum Phase 2 ===

============================================================
Run 2: curriculum_phase2  (2025-05-01 22:59:52)
============================================================
Episode 10/200  |  AvgR -553.76  |  Success 10.0%
Episode 20/200  |  AvgR -731.50  |  Success 10.0%
Episode 30/200  |  AvgR -675.82  |  Success 0.0%
Episode 40/200  |  AvgR -554.75  |  Success 20.0%
Episode 50/200  |  AvgR -514.26  |  Success 10.0%
Episode 60/200  |  AvgR -584.23  |  Success 10.0%
Episode 70/200  |  AvgR -506.02  |  Success 30.0%
Episode 80/200  |  AvgR -759.66  |  Success 0.0%
Episode 90/200  |  AvgR -511.86  |  Success 0.0%
Episode 100/200  |  AvgR -644.17  |  Success 0.0%
Episode 110/200  |  AvgR -758.82  |  Success 0.0%
Episode 120/200  |  AvgR -575.21  |  Success 20.0%
Episode 130/200  |  AvgR -532.85  |  Success 0.0%
Episode 140/200  |  AvgR -540.65  |  Success 0.0%
Episode 150/200  |  AvgR -555.81  |  Success 0.0%
Episode 160/200  |  AvgR -542.95  |  Success 10.0%
Episode 170/200  |  AvgR -789.47  |  Success 0.0%
Episode 180/200  |  AvgR -597.90  |  Success 0.0%
Episode 190/200  |  AvgR -627.06  |  Success 0.0%
Episode 200/200  |  AvgR -695.72  |  Success 10.0%
Final_AvgReward: -612.6230024521053 | Final_SuccessRate(%): 6.5
Evaluation | AvgReward -264.00  |  Success 0.0%  |  VotedOut 100.0%
